Using pre-set license
Built from '2020.3/staging' branch; Version is '2020.3.28f1 (f5400f52e03f) revision 16072719'; Using compiler version '192528614'; Build Type 'Release'
OS: 'Windows 10  (10.0.19044) 64bit Core' Language: 'en' Physical Memory: 16244 MB
BatchMode: 1, IsHumanControllingUs: 0, StartBugReporterOnCrash: 0, Is64bit: 1, IsPro: 0

COMMAND LINE ARGUMENTS:
C:\Program Files\Unity\Hub\Editor\2020.3.28f1\Editor\Unity.exe
-adb2
-batchMode
-noUpm
-name
AssetImportWorker0
-projectPath
C:/Users/zeak6/Downloads/DW/Unity Export
-logFile
Logs/AssetImportWorker0.log
-srvPort
55237
Successfully changed project path to: C:/Users/zeak6/Downloads/DW/Unity Export
C:/Users/zeak6/Downloads/DW/Unity Export
Using Asset Import Pipeline V2.
Refreshing native plugins compatible for Editor in 66.86 ms, found 2 plugins.
Preloading 0 native plugins for Editor in 0.00 ms.
Initialize engine version: 2020.3.28f1 (f5400f52e03f)
[Subsystems] Discovering subsystems at path C:/Program Files/Unity/Hub/Editor/2020.3.28f1/Editor/Data/Resources/UnitySubsystems
[Subsystems] Discovering subsystems at path C:/Users/zeak6/Downloads/DW/Unity Export/Assets
GfxDevice: creating device client; threaded=0
Direct3D:
    Version:  Direct3D 11.0 [level 11.1]
    Renderer: NVIDIA GeForce GTX 1060 3GB (ID=0x1c02)
    Vendor:   
    VRAM:     2988 MB
    Driver:   30.0.15.1165
Initialize mono
Mono path[0] = 'C:/Program Files/Unity/Hub/Editor/2020.3.28f1/Editor/Data/Managed'
Mono path[1] = 'C:/Program Files/Unity/Hub/Editor/2020.3.28f1/Editor/Data/MonoBleedingEdge/lib/mono/unityjit'
Mono config path = 'C:/Program Files/Unity/Hub/Editor/2020.3.28f1/Editor/Data/MonoBleedingEdge/etc'
Using monoOptions --debugger-agent=transport=dt_socket,embedding=1,server=y,suspend=n,address=127.0.0.1:56172
Begin MonoManager ReloadAssembly
Registering precompiled unity dll's ...
Register platform support module: C:/Program Files/Unity/Hub/Editor/2020.3.28f1/Editor/Data/PlaybackEngines/WindowsStandaloneSupport/UnityEditor.WindowsStandalone.Extensions.dll
Registered in 0.001992 seconds.
Native extension for WindowsStandalone target not found
Refreshing native plugins compatible for Editor in 58.32 ms, found 2 plugins.
Preloading 0 native plugins for Editor in 0.00 ms.
Mono: successfully reloaded assembly
- Completed reload, in  0.627 seconds
Domain Reload Profiling:
	ReloadAssembly (627ms)
		BeginReloadAssembly (72ms)
			ExecutionOrderSort (0ms)
			DisableScriptedObjects (0ms)
			BackupInstance (0ms)
			ReleaseScriptingObjects (0ms)
			CreateAndSetChildDomain (1ms)
		EndReloadAssembly (479ms)
			LoadAssemblies (70ms)
			RebuildTransferFunctionScriptingTraits (0ms)
			SetupTypeCache (166ms)
			ReleaseScriptCaches (0ms)
			RebuildScriptCaches (29ms)
			SetupLoadedEditorAssemblies (176ms)
				LogAssemblyErrors (0ms)
				InitializePlatformSupportModulesInManaged (4ms)
				SetLoadedEditorAssemblies (0ms)
				RefreshPlugins (58ms)
				BeforeProcessingInitializeOnLoad (8ms)
				ProcessInitializeOnLoadAttributes (79ms)
				ProcessInitializeOnLoadMethodAttributes (27ms)
				AfterProcessingInitializeOnLoad (0ms)
				EditorAssembliesLoaded (0ms)
			ExecutionOrderSort2 (0ms)
			AwakeInstancesAfterBackupRestoration (0ms)
Platform modules already initialized, skipping
Registering precompiled user dll's ...
Registered in 0.005718 seconds.
Begin MonoManager ReloadAssembly
Native extension for WindowsStandalone target not found
Refreshing native plugins compatible for Editor in 0.97 ms, found 2 plugins.
Preloading 0 native plugins for Editor in 0.00 ms.
Mono: successfully reloaded assembly
- Completed reload, in  1.155 seconds
Domain Reload Profiling:
	ReloadAssembly (1156ms)
		BeginReloadAssembly (147ms)
			ExecutionOrderSort (0ms)
			DisableScriptedObjects (5ms)
			BackupInstance (0ms)
			ReleaseScriptingObjects (0ms)
			CreateAndSetChildDomain (18ms)
		EndReloadAssembly (947ms)
			LoadAssemblies (109ms)
			RebuildTransferFunctionScriptingTraits (0ms)
			SetupTypeCache (298ms)
			ReleaseScriptCaches (0ms)
			RebuildScriptCaches (51ms)
			SetupLoadedEditorAssemblies (383ms)
				LogAssemblyErrors (0ms)
				InitializePlatformSupportModulesInManaged (4ms)
				SetLoadedEditorAssemblies (0ms)
				RefreshPlugins (1ms)
				BeforeProcessingInitializeOnLoad (80ms)
				ProcessInitializeOnLoadAttributes (245ms)
				ProcessInitializeOnLoadMethodAttributes (44ms)
				AfterProcessingInitializeOnLoad (7ms)
				EditorAssembliesLoaded (0ms)
			ExecutionOrderSort2 (0ms)
			AwakeInstancesAfterBackupRestoration (7ms)
Platform modules already initialized, skipping
========================================================================
Worker process is ready to serve import requests
Launched and connected shader compiler UnityShaderCompiler.exe after 0.10 seconds
Refreshing native plugins compatible for Editor in 0.89 ms, found 2 plugins.
Preloading 0 native plugins for Editor in 0.00 ms.
Unloading 2323 Unused Serialized files (Serialized files now loaded: 0)
System memory in use before: 95.6 MB.
System memory in use after: 95.8 MB.

Unloading 58 unused Assets to reduce memory usage. Loaded Objects now: 2731.
Total: 7.665500 ms (FindLiveObjects: 0.198900 ms CreateObjectMapping: 0.097000 ms MarkObjects: 7.250500 ms  DeleteObjects: 0.117600 ms)

AssetImportParameters requested are different than current active one (requested -> active):
  custom:framework-win-MediaFoundation: 216162199b28c13a410421893ffa2e32 -> 
  custom:video-decoder-ogg-theora: a1e56fd34408186e4bbccfd4996cb3dc -> 
  custom:container-muxer-webm: aa71ff27fc2769a1b78a27578f13a17b -> 
  custom:container-demuxer-webm: 4f35f7cbe854078d1ac9338744f61a02 -> 
  custom:container-demuxer-ogg: 62fdf1f143b41e24485cea50d1cbac27 -> 
  custom:video-encoder-webm-vp8: eb34c28f22e8b96e1ab97ce403110664 -> 
  custom:video-decoder-webm-vp8: 9c59270c3fd7afecdb556c50c9e8de78 -> 
  custom:audio-decoder-ogg-vorbis: bf7c407c2cedff20999df2af8eb42d56 -> 
  custom:audio-encoder-webm-vorbis: bf7c407c2cedff20999df2af8eb42d56 -> 
========================================================================
Received Import Request.
  path: Assets/Editor
  artifactKey: Guid(613fa72e0b3b94643845854069099401) Importer(815301076,1909f56bfc062723c751e8b465ee728b)
Start importing Assets/Editor using Guid(613fa72e0b3b94643845854069099401) Importer(815301076,1909f56bfc062723c751e8b465ee728b)  -> (artifact id: '280b580cbe94432dfe23567b3889db69') in 0.006174 seconds 
  Import took 0.011133 seconds .

========================================================================
Received Import Request.
  Time since last request: 15.886832 seconds.
  path: Assets/src/UnityAdsManager.cs
  artifactKey: Guid(d2a481b3e7c37b54c8e666490b5202bb) Importer(815301076,1909f56bfc062723c751e8b465ee728b)
Start importing Assets/src/UnityAdsManager.cs using Guid(d2a481b3e7c37b54c8e666490b5202bb) Importer(815301076,1909f56bfc062723c751e8b465ee728b)  -> (artifact id: 'ebc961bfd7b44246bc2ba480bd3f4710') in 0.263240 seconds 
  Import took 0.267166 seconds .

========================================================================
Received Import Request.
  Time since last request: 40.407880 seconds.
  path: Assets/src/CustomImporter.cs
  artifactKey: Guid(ce909f6a64b81524889ee0df1ba84701) Importer(815301076,1909f56bfc062723c751e8b465ee728b)
Start importing Assets/src/CustomImporter.cs using Guid(ce909f6a64b81524889ee0df1ba84701) Importer(815301076,1909f56bfc062723c751e8b465ee728b)  -> (artifact id: '48b0a360371334e59e05ef108fc19d6f') in 0.002063 seconds 
  Import took 0.006336 seconds .

========================================================================
Received Import Request.
  Time since last request: 5.599480 seconds.
  path: Assets/src/map
  artifactKey: Guid(a9ed2488868c2fc4baa3af1b580196f1) Importer(815301076,1909f56bfc062723c751e8b465ee728b)
Start importing Assets/src/map using Guid(a9ed2488868c2fc4baa3af1b580196f1) Importer(815301076,1909f56bfc062723c751e8b465ee728b)  -> (artifact id: '41c24c9c0cab7e52218945168d0a356d') in 0.001915 seconds 
  Import took 0.005652 seconds .

========================================================================
Received Import Request.
  Time since last request: 1.431262 seconds.
  path: Assets/src/map/AnimationMotion.cs
  artifactKey: Guid(3a732494527b6c840be4395bfcb30ca9) Importer(815301076,1909f56bfc062723c751e8b465ee728b)
Start importing Assets/src/map/AnimationMotion.cs using Guid(3a732494527b6c840be4395bfcb30ca9) Importer(815301076,1909f56bfc062723c751e8b465ee728b)  -> (artifact id: '4371e18037aa7831f41ad486e66eb5ec') in 0.002060 seconds 
  Import took 0.005707 seconds .

========================================================================
Received Import Request.
  Time since last request: 5.435305 seconds.
  path: Assets/src/engine/BattleScene
  artifactKey: Guid(1842268796409814baa3d56a80342b6f) Importer(815301076,1909f56bfc062723c751e8b465ee728b)
Start importing Assets/src/engine/BattleScene using Guid(1842268796409814baa3d56a80342b6f) Importer(815301076,1909f56bfc062723c751e8b465ee728b)  -> (artifact id: '48ac9a4998ede628ea1a8f38ff370ccb') in 0.002071 seconds 
  Import took 0.006008 seconds .

========================================================================
Received Import Request.
  Time since last request: 2.925076 seconds.
  path: Assets/src/engine/BattleScene/BattleEventController.cs
  artifactKey: Guid(5f3b520c414b3024286c0644f23a39fd) Importer(815301076,1909f56bfc062723c751e8b465ee728b)
Start importing Assets/src/engine/BattleScene/BattleEventController.cs using Guid(5f3b520c414b3024286c0644f23a39fd) Importer(815301076,1909f56bfc062723c751e8b465ee728b)  -> (artifact id: '6ded35c481c1b798ed19b2a88c2e2ac4') in 0.002441 seconds 
  Import took 0.007914 seconds .

========================================================================
Received Import Request.
  Time since last request: 1.013578 seconds.
  path: Assets/src/engine/BattleScene/BattlePlayerData.cs
  artifactKey: Guid(4ca6f6d3ca0e82b4ebeaed7290b31942) Importer(815301076,1909f56bfc062723c751e8b465ee728b)
Start importing Assets/src/engine/BattleScene/BattlePlayerData.cs using Guid(4ca6f6d3ca0e82b4ebeaed7290b31942) Importer(815301076,1909f56bfc062723c751e8b465ee728b)  -> (artifact id: '55dc23d99be13a274939f35b94c70206') in 0.002328 seconds 
  Import took 0.005906 seconds .

========================================================================
Received Import Request.
  Time since last request: 1.141663 seconds.
  path: Assets/src/engine/BattleScene/BattleViewer.cs
  artifactKey: Guid(dd737b9bb0dde8d49851b112fb7a412b) Importer(815301076,1909f56bfc062723c751e8b465ee728b)
Start importing Assets/src/engine/BattleScene/BattleViewer.cs using Guid(dd737b9bb0dde8d49851b112fb7a412b) Importer(815301076,1909f56bfc062723c751e8b465ee728b)  -> (artifact id: '00a76e64bfc74b39f067c381745729e3') in 0.002297 seconds 
  Import took 0.006175 seconds .

========================================================================
Received Prepare
Registering precompiled user dll's ...
Registered in 0.005994 seconds.
Begin MonoManager ReloadAssembly
Native extension for WindowsStandalone target not found
Refreshing native plugins compatible for Editor in 0.69 ms, found 2 plugins.
Preloading 0 native plugins for Editor in 0.00 ms.
Mono: successfully reloaded assembly
- Completed reload, in  1.092 seconds
Domain Reload Profiling:
	ReloadAssembly (1093ms)
		BeginReloadAssembly (146ms)
			ExecutionOrderSort (0ms)
			DisableScriptedObjects (7ms)
			BackupInstance (0ms)
			ReleaseScriptingObjects (0ms)
			CreateAndSetChildDomain (44ms)
		EndReloadAssembly (882ms)
			LoadAssemblies (116ms)
			RebuildTransferFunctionScriptingTraits (0ms)
			SetupTypeCache (310ms)
			ReleaseScriptCaches (1ms)
			RebuildScriptCaches (39ms)
			SetupLoadedEditorAssemblies (346ms)
				LogAssemblyErrors (0ms)
				InitializePlatformSupportModulesInManaged (4ms)
				SetLoadedEditorAssemblies (0ms)
				RefreshPlugins (1ms)
				BeforeProcessingInitializeOnLoad (58ms)
				ProcessInitializeOnLoadAttributes (216ms)
				ProcessInitializeOnLoadMethodAttributes (60ms)
				AfterProcessingInitializeOnLoad (6ms)
				EditorAssembliesLoaded (0ms)
			ExecutionOrderSort2 (0ms)
			AwakeInstancesAfterBackupRestoration (7ms)
Platform modules already initialized, skipping
Refreshing native plugins compatible for Editor in 0.70 ms, found 2 plugins.
Preloading 0 native plugins for Editor in 0.00 ms.
Unloading 2312 Unused Serialized files (Serialized files now loaded: 0)
System memory in use before: 95.1 MB.
System memory in use after: 95.3 MB.

Unloading 49 unused Assets to reduce memory usage. Loaded Objects now: 2733.
Total: 6.100500 ms (FindLiveObjects: 0.180600 ms CreateObjectMapping: 0.082200 ms MarkObjects: 5.789900 ms  DeleteObjects: 0.046800 ms)

AssetImportParameters requested are different than current active one (requested -> active):
  custom:framework-win-MediaFoundation: 216162199b28c13a410421893ffa2e32 -> 
  custom:video-decoder-ogg-theora: a1e56fd34408186e4bbccfd4996cb3dc -> 
  custom:container-muxer-webm: aa71ff27fc2769a1b78a27578f13a17b -> 
  custom:container-demuxer-webm: 4f35f7cbe854078d1ac9338744f61a02 -> 
  custom:container-demuxer-ogg: 62fdf1f143b41e24485cea50d1cbac27 -> 
  custom:video-encoder-webm-vp8: eb34c28f22e8b96e1ab97ce403110664 -> 
  custom:video-decoder-webm-vp8: 9c59270c3fd7afecdb556c50c9e8de78 -> 
  custom:audio-decoder-ogg-vorbis: bf7c407c2cedff20999df2af8eb42d56 -> 
  custom:audio-encoder-webm-vorbis: bf7c407c2cedff20999df2af8eb42d56 -> 
========================================================================
Received Prepare
Registering precompiled user dll's ...
Registered in 0.006289 seconds.
Begin MonoManager ReloadAssembly
Native extension for WindowsStandalone target not found
Refreshing native plugins compatible for Editor in 0.69 ms, found 2 plugins.
Preloading 0 native plugins for Editor in 0.00 ms.
Mono: successfully reloaded assembly
- Completed reload, in  1.099 seconds
Domain Reload Profiling:
	ReloadAssembly (1100ms)
		BeginReloadAssembly (130ms)
			ExecutionOrderSort (0ms)
			DisableScriptedObjects (6ms)
			BackupInstance (0ms)
			ReleaseScriptingObjects (0ms)
			CreateAndSetChildDomain (43ms)
		EndReloadAssembly (900ms)
			LoadAssemblies (104ms)
			RebuildTransferFunctionScriptingTraits (0ms)
			SetupTypeCache (316ms)
			ReleaseScriptCaches (1ms)
			RebuildScriptCaches (35ms)
			SetupLoadedEditorAssemblies (364ms)
				LogAssemblyErrors (0ms)
				InitializePlatformSupportModulesInManaged (4ms)
				SetLoadedEditorAssemblies (0ms)
				RefreshPlugins (1ms)
				BeforeProcessingInitializeOnLoad (91ms)
				ProcessInitializeOnLoadAttributes (224ms)
				ProcessInitializeOnLoadMethodAttributes (37ms)
				AfterProcessingInitializeOnLoad (6ms)
				EditorAssembliesLoaded (0ms)
			ExecutionOrderSort2 (0ms)
			AwakeInstancesAfterBackupRestoration (6ms)
Platform modules already initialized, skipping
Refreshing native plugins compatible for Editor in 0.85 ms, found 2 plugins.
Preloading 0 native plugins for Editor in 0.00 ms.
Unloading 2312 Unused Serialized files (Serialized files now loaded: 0)
System memory in use before: 95.1 MB.
System memory in use after: 95.3 MB.

Unloading 49 unused Assets to reduce memory usage. Loaded Objects now: 2735.
Total: 8.012500 ms (FindLiveObjects: 0.198000 ms CreateObjectMapping: 0.109000 ms MarkObjects: 7.669500 ms  DeleteObjects: 0.034900 ms)

AssetImportParameters requested are different than current active one (requested -> active):
  custom:framework-win-MediaFoundation: 216162199b28c13a410421893ffa2e32 -> 
  custom:video-decoder-ogg-theora: a1e56fd34408186e4bbccfd4996cb3dc -> 
  custom:container-muxer-webm: aa71ff27fc2769a1b78a27578f13a17b -> 
  custom:container-demuxer-webm: 4f35f7cbe854078d1ac9338744f61a02 -> 
  custom:container-demuxer-ogg: 62fdf1f143b41e24485cea50d1cbac27 -> 
  custom:video-encoder-webm-vp8: eb34c28f22e8b96e1ab97ce403110664 -> 
  custom:video-decoder-webm-vp8: 9c59270c3fd7afecdb556c50c9e8de78 -> 
  custom:audio-decoder-ogg-vorbis: bf7c407c2cedff20999df2af8eb42d56 -> 
  custom:audio-encoder-webm-vorbis: bf7c407c2cedff20999df2af8eb42d56 -> 
AssetImportWorkerClient::OnTransportError - code=2 error=End of file
